<?xml version="1.0" encoding="UTF-8"?>
<testng-results ignored="0" total="1" passed="1" failed="0" skipped="0">
  <reporter-output>
  </reporter-output>
  <suite started-at="2025-07-22T20:09:13 EDT" name="Default suite" finished-at="2025-07-22T20:09:15 EDT" duration-ms="1817">
    <groups>
    </groups>
    <test started-at="2025-07-22T20:09:13 EDT" name="Default test" finished-at="2025-07-22T20:09:15 EDT" duration-ms="1817">
      <class name="RESTApiTest.DefaultApi">
        <test-method signature="getUsers()[pri:0, instance:RESTApiTest.DefaultApi@484970b0]" started-at="2025-07-22T20:09:14 EDT" name="getUsers" finished-at="2025-07-22T20:09:15 EDT" duration-ms="1773" status="PASS">
          <reporter-output>
          </reporter-output>
        </test-method> <!-- getUsers -->
      </class> <!-- RESTApiTest.DefaultApi -->
    </test> <!-- Default test -->
  </suite> <!-- Default suite -->
</testng-results>
